Build started 17-03-2019 18:59:14.
     1>Project "C:\Users\ADITYA VARDHAN GARA\Desktop\election2\Election_Management_System\Election_Management_System\Election_Management_System\Election_Management_System.vcxproj" on node 2 (build target(s)).
     1>InitializeBuildStatus:
         Creating "Debug\Election_Management_System.unsuccessfulbuild" because "AlwaysCreate" was specified.
       GenerateTargetFrameworkMonikerAttribute:
       Skipping target "GenerateTargetFrameworkMonikerAttribute" because all output files are up-to-date with respect to the input files.
       ClCompile:
         C:\Program Files (x86)\Microsoft Visual Studio 10.0\VC\bin\CL.exe /c /AI"C:\Program Files (x86)\Reference Assemblies\Microsoft\Framework\.NETFramework\v4.0" /Zi /clr:pure /nologo /W3 /WX- /Od /Oy- /D WIN32 /D _DEBUG /D _UNICODE /D UNICODE /EHa /MDd /GS /fp:precise /Zc:wchar_t /Zc:forScope /Yc"StdAfx.h" /Fp"Debug\Election_Management_System.pch" /Fo"Debug\\" /Fd"Debug\vc100.pdb" /TP /FU"C:\Program Files (x86)\Reference Assemblies\Microsoft\Framework\.NETFramework\v4.0\System.Core.dll" /FU"C:\Program Files (x86)\Reference Assemblies\Microsoft\Framework\.NETFramework\v4.0\System.Data.dll" /FU"C:\Program Files (x86)\Reference Assemblies\Microsoft\Framework\.NETFramework\v4.0\System.dll" /FU"C:\Program Files (x86)\Reference Assemblies\Microsoft\Framework\.NETFramework\v4.0\System.Drawing.dll" /FU"C:\Program Files (x86)\Reference Assemblies\Microsoft\Framework\.NETFramework\v4.0\System.Windows.Forms.dll" /FU"C:\Program Files (x86)\Reference Assemblies\Microsoft\Framework\.NETFramework\v4.0\System.Xml.dll" /analyze- /errorReport:prompt stdafx.cpp /clr:nostdlib 
         stdafx.cpp
         C:\Program Files (x86)\Microsoft Visual Studio 10.0\VC\bin\CL.exe /c /AI"C:\Program Files (x86)\Reference Assemblies\Microsoft\Framework\.NETFramework\v4.0" /Zi /clr:pure /nologo /W3 /WX- /Od /Oy- /D WIN32 /D _DEBUG /D _UNICODE /D UNICODE /EHa /MDd /GS /fp:precise /Zc:wchar_t /Zc:forScope /Yu"StdAfx.h" /Fp"Debug\Election_Management_System.pch" /Fo"Debug\\" /Fd"Debug\vc100.pdb" /TP /FU"C:\Program Files (x86)\Reference Assemblies\Microsoft\Framework\.NETFramework\v4.0\System.Core.dll" /FU"C:\Program Files (x86)\Reference Assemblies\Microsoft\Framework\.NETFramework\v4.0\System.Data.dll" /FU"C:\Program Files (x86)\Reference Assemblies\Microsoft\Framework\.NETFramework\v4.0\System.dll" /FU"C:\Program Files (x86)\Reference Assemblies\Microsoft\Framework\.NETFramework\v4.0\System.Drawing.dll" /FU"C:\Program Files (x86)\Reference Assemblies\Microsoft\Framework\.NETFramework\v4.0\System.Windows.Forms.dll" /FU"C:\Program Files (x86)\Reference Assemblies\Microsoft\Framework\.NETFramework\v4.0\System.Xml.dll" /analyze- /errorReport:prompt AssemblyInfo.cpp Election_Management_System.cpp Form_Admin.cpp Form_Election.cpp Form_Homepage.cpp temp.cpp User_Control_Edit_Info.cpp User_Control_Login.cpp User_Control_Manage_Election.cpp User_Control_Public_Elections.cpp User_Control_Register.cpp User_Control_Update_Agenda.cpp User_Control_User_Request.cpp User_Control_View_Election.cpp User_Control_View_info.cpp /clr:nostdlib 
         AssemblyInfo.cpp
         Election_Management_System.cpp
         Form_Admin.cpp
         Form_Election.cpp
         Form_Homepage.cpp
         temp.cpp
     1>c:\users\aditya vardhan gara\desktop\election2\election_management_system\election_management_system\election_management_system\temp.h(10): error C2061: syntax error : identifier 'string'
     1>c:\users\aditya vardhan gara\desktop\election2\election_management_system\election_management_system\election_management_system\temp.h(11): error C2065: 'TextBox' : undeclared identifier
     1>c:\users\aditya vardhan gara\desktop\election2\election_management_system\election_management_system\election_management_system\temp.h(11): error C2065: 'txtbox1' : undeclared identifier
     1>c:\users\aditya vardhan gara\desktop\election2\election_management_system\election_management_system\election_management_system\temp.h(12): error C2065: 'Button' : undeclared identifier
     1>c:\users\aditya vardhan gara\desktop\election2\election_management_system\election_management_system\election_management_system\temp.h(12): error C2065: 'btn_approv' : undeclared identifier
     1>c:\users\aditya vardhan gara\desktop\election2\election_management_system\election_management_system\election_management_system\temp.h(13): error C2065: 'Button' : undeclared identifier
     1>c:\users\aditya vardhan gara\desktop\election2\election_management_system\election_management_system\election_management_system\temp.h(13): error C2065: 'btn_disapprov' : undeclared identifier
     1>c:\users\aditya vardhan gara\desktop\election2\election_management_system\election_management_system\election_management_system\temp.h(21): error C2065: 'txt' : undeclared identifier
     1>c:\users\aditya vardhan gara\desktop\election2\election_management_system\election_management_system\election_management_system\temp.h(21): error C2143: syntax error : missing ';' before '}'
         User_Control_Edit_Info.cpp
         User_Control_Login.cpp
         User_Control_Manage_Election.cpp
         User_Control_Public_Elections.cpp
         User_Control_Register.cpp
         User_Control_Update_Agenda.cpp
         User_Control_User_Request.cpp
     1>User_Control_User_Request.cpp(3): fatal error C1075: end of file found before the left brace '{' at 'c:\users\aditya vardhan gara\desktop\election2\election_management_system\election_management_system\election_management_system\User_Control_User_Request.h(14)' was matched
         User_Control_View_Election.cpp
         User_Control_View_info.cpp
         Generating Code...
     1>Done Building Project "C:\Users\ADITYA VARDHAN GARA\Desktop\election2\Election_Management_System\Election_Management_System\Election_Management_System\Election_Management_System.vcxproj" (build target(s)) -- FAILED.

Build FAILED.

Time Elapsed 00:00:02.89
